#
# A fatal error has been detected by the Java Runtime Environment:
#
#  EXCEPTION_UNCAUGHT_CXX_EXCEPTION (0xe06d7363) at pc=0x00007ffc0c727788, pid=3060, tid=0x00000000000008b8
#
# JRE version: Java(TM) SE Runtime Environment (8.0_121-b13) (build 1.8.0_121-b13)
# Java VM: Java HotSpot(TM) 64-Bit Server VM (25.121-b13 mixed mode windows-amd64 compressed oops)
# Problematic frame:
# C  [KERNELBASE.dll+0x17788]
#
# Failed to write core dump. Minidumps are not enabled by default on client versions of Windows
#
# If you would like to submit a bug report, please visit:
#   http://bugreport.java.com/bugreport/crash.jsp
# The crash happened outside the Java Virtual Machine in native code.
# See problematic frame for where to report the bug.
#

---------------  T H R E A D  ---------------

Current thread (0x0000000002e50800):  JavaThread "main" [_thread_in_native, id=2232, stack(0x0000000002d10000,0x0000000002e10000)]

siginfo: ExceptionCode=0xe06d7363, ExceptionInformation=0x0000000019930520 0x0000000002e0ea80 0x00000000726b29c0 0x0000000070bc0000 

Registers:
RAX=0x0000000002e0e4b8, RBX=0x00000000726b29c0, RCX=0x0000000000000000, RDX=0x0000000000000000
RSP=0x0000000002e0e910, RBP=0x0000000002e0ea50, RSI=0x0000000000000000, RDI=0xffffffffffffffec
R8 =0x0000000000000000, R9 =0x0000000000000000, R10=0x0000000000000000, R11=0x0000000000000000
R12=0x0000000000000001, R13=0x000000001accf7c0, R14=0x000000000000000a, R15=0x0000000000001e3c
RIP=0x00007ffc0c727788, EFLAGS=0x0000000000000206

Top of Stack: (sp=0x0000000002e0e910)
0x0000000002e0e910:   0000000000000108 00000000726b29c0
0x0000000002e0e920:   0000000000000000 ffffffffffffffec
0x0000000002e0e930:   00000001e06d7363 0000000000000000
0x0000000002e0e940:   00007ffc0c727788 0000000000000004
0x0000000002e0e950:   0000000019930520 0000000002e0ea80
0x0000000002e0e960:   00000000726b29c0 0000000070bc0000
0x0000000002e0e970:   000000001accf7c0 0000000000000001
0x0000000002e0e980:   ffffffffffffffec 0000000000000000
0x0000000002e0e990:   0000000002e0ea50 00007ffc1009c26f
0x0000000002e0e9a0:   0000000002e0ea60 0000000000000000
0x0000000002e0e9b0:   0000c7d93413e9f9 00007ffc100b7187
0x0000000002e0e9c0:   0000000072883000 0000000070bc0000
0x0000000002e0e9d0:   0000dd0a2887783a 000000007236c100
0x0000000002e0e9e0:   00000000726b29c0 000000007236933c
0x0000000002e0e9f0:   ffffffffffffffec 00000000723661a1
0x0000000002e0ea00:   ffffffffffffffff 0000000060be239f 

Instructions: (pc=0x00007ffc0c727788)
0x00007ffc0c727768:   49 8b d1 44 0f 47 c0 44 89 44 24 38 49 c1 e0 03
0x00007ffc0c727778:   e8 07 55 06 00 48 8d 4c 24 20 ff 15 d0 08 13 00
0x00007ffc0c727788:   48 8b 8c 24 c0 00 00 00 48 33 cc e8 98 1a 06 00
0x00007ffc0c727798:   48 81 c4 d8 00 00 00 c3 83 64 24 38 00 eb d6 cc 


Register to memory mapping:

RAX=0x0000000002e0e4b8 is pointing into the stack for thread: 0x0000000002e50800
RBX=0x00000000726b29c0 is an unknown value
RCX=0x0000000000000000 is an unknown value
RDX=0x0000000000000000 is an unknown value
RSP=0x0000000002e0e910 is pointing into the stack for thread: 0x0000000002e50800
RBP=0x0000000002e0ea50 is pointing into the stack for thread: 0x0000000002e50800
RSI=0x0000000000000000 is an unknown value
RDI=0xffffffffffffffec is an unknown value
R8 =0x0000000000000000 is an unknown value
R9 =0x0000000000000000 is an unknown value
R10=0x0000000000000000 is an unknown value
R11=0x0000000000000000 is an unknown value
R12=0x0000000000000001 is an unknown value
R13=0x000000001accf7c0 is an unknown value
R14=0x000000000000000a is an unknown value
R15=0x0000000000001e3c is an unknown value


Stack: [0x0000000002d10000,0x0000000002e10000],  sp=0x0000000002e0e910,  free space=1018k
Native frames: (J=compiled Java code, j=interpreted, Vv=VM code, C=native code)
C  [KERNELBASE.dll+0x17788]
C  [atio6axx.dll+0x17a933c]
C  [atio6axx.dll+0x17a5f98]
C  [atio6axx.dll+0xda2953]
C  [atio6axx.dll+0xda2b09]
C  [atio6axx.dll+0xda2d9a]
C  [atio6axx.dll+0xd686be]
C  [atio6axx.dll+0xd4c2f4]
C  [atio6axx.dll+0xd4bfa6]
C  [atio6axx.dll+0xd3994b]
C  [atio6axx.dll+0x1f6294]
C  0x0000000002f67f74

Java frames: (J=compiled Java code, j=interpreted, Vv=VM code)
j  org.lwjgl.opengl.GL20.nglGetShaderiv(IIJJ)V+0
j  org.lwjgl.opengl.GL20.glGetShaderi(II)I+27
j  shaders.ShaderProgram.loadShader(Ljava/lang/String;I)I+90
j  shaders.ShaderProgram.<init>(Ljava/lang/String;Ljava/lang/String;)V+8
j  shaders.StaticShader.<init>()V+5
j  renderEngine.MasterRenderer.<init>()V+9
j  engineTester.MainGameLoop.main([Ljava/lang/String;)V+218
v  ~StubRoutines::call_stub

---------------  P R O C E S S  ---------------

Java Threads: ( => current thread )
  0x00000000179bd800 JavaThread "Service Thread" daemon [_thread_blocked, id=2244, stack(0x0000000018500000,0x0000000018600000)]
  0x0000000017938800 JavaThread "C1 CompilerThread3" daemon [_thread_blocked, id=356, stack(0x0000000018400000,0x0000000018500000)]
  0x0000000017920000 JavaThread "C2 CompilerThread2" daemon [_thread_blocked, id=1028, stack(0x0000000018300000,0x0000000018400000)]
  0x000000001791c000 JavaThread "C2 CompilerThread1" daemon [_thread_blocked, id=6944, stack(0x0000000018200000,0x0000000018300000)]
  0x0000000017918800 JavaThread "C2 CompilerThread0" daemon [_thread_blocked, id=6028, stack(0x0000000018100000,0x0000000018200000)]
  0x0000000017917000 JavaThread "Attach Listener" daemon [_thread_blocked, id=7820, stack(0x0000000018000000,0x0000000018100000)]
  0x0000000017916000 JavaThread "Signal Dispatcher" daemon [_thread_blocked, id=6288, stack(0x0000000017f00000,0x0000000018000000)]
  0x0000000002f4e000 JavaThread "Finalizer" daemon [_thread_blocked, id=6952, stack(0x0000000017cf0000,0x0000000017df0000)]
  0x0000000002f47000 JavaThread "Reference Handler" daemon [_thread_blocked, id=3064, stack(0x00000000177f0000,0x00000000178f0000)]
=>0x0000000002e50800 JavaThread "main" [_thread_in_native, id=2232, stack(0x0000000002d10000,0x0000000002e10000)]

Other Threads:
  0x00000000159f9800 VMThread [stack: 0x00000000176f0000,0x00000000177f0000] [id=6552]
  0x00000000179d0000 WatcherThread [stack: 0x00000000189f0000,0x0000000018af0000] [id=8016]

VM state:not at safepoint (normal execution)

VM Mutex/Monitor currently owned by a thread: None

Heap:
 PSYoungGen      total 18944K, used 9181K [0x00000000eaf00000, 0x00000000ec400000, 0x0000000100000000)
  eden space 16384K, 56% used [0x00000000eaf00000,0x00000000eb7f7408,0x00000000ebf00000)
  from space 2560K, 0% used [0x00000000ec180000,0x00000000ec180000,0x00000000ec400000)
  to   space 2560K, 0% used [0x00000000ebf00000,0x00000000ebf00000,0x00000000ec180000)
 ParOldGen       total 44032K, used 0K [0x00000000c0c00000, 0x00000000c3700000, 0x00000000eaf00000)
  object space 44032K, 0% used [0x00000000c0c00000,0x00000000c0c00000,0x00000000c3700000)
 Metaspace       used 5388K, capacity 5915K, committed 6016K, reserved 1056768K
  class space    used 528K, capacity 560K, committed 640K, reserved 1048576K

Card table byte_map: [0x0000000012310000,0x0000000012510000] byte_map_base: 0x0000000011d0a000

Marking Bits: (ParMarkBitMap*) 0x000000007339b6d0
 Begin Bits: [0x0000000012e70000, 0x0000000013e40000)
 End Bits:   [0x0000000013e40000, 0x0000000014e10000)

Polling page: 0x0000000001060000

CodeCache: size=245760Kb used=1934Kb max_used=1934Kb free=243825Kb
 bounds [0x0000000002f50000, 0x00000000031c0000, 0x0000000011f50000]
 total_blobs=760 nmethods=371 adapters=302
 compilation: enabled

Compilation events (10 events):
Event: 17.833 Thread 0x0000000017938800  367       3       java.security.CodeSource::getCertificates (98 bytes)
Event: 17.833 Thread 0x0000000017938800 nmethod 367 0x0000000003132690 code [0x00000000031328c0, 0x0000000003133498]
Event: 17.833 Thread 0x0000000017938800  369       3       java.lang.StringBuilder::length (5 bytes)
Event: 17.834 Thread 0x0000000017938800 nmethod 369 0x00000000031338d0 code [0x0000000003133a20, 0x0000000003133b90]
Event: 17.834 Thread 0x0000000017938800  371       3       java.lang.StringBuilder::charAt (6 bytes)
Event: 17.834 Thread 0x0000000017938800 nmethod 371 0x0000000003133c10 code [0x0000000003133d80, 0x0000000003134068]
Event: 17.834 Thread 0x0000000017938800  370       3       java.lang.AbstractStringBuilder::charAt (28 bytes)
Event: 17.834 Thread 0x0000000017938800 nmethod 370 0x0000000003134210 code [0x0000000003134380, 0x00000000031345e8]
Event: 17.834 Thread 0x0000000017938800  368       1       java.lang.AbstractStringBuilder::length (5 bytes)
Event: 17.834 Thread 0x0000000017938800 nmethod 368 0x0000000003134710 code [0x0000000003134860, 0x0000000003134970]

GC Heap History (0 events):
No events

Deoptimization events (2 events):
Event: 17.727 Thread 0x0000000002e50800 Uncommon trap: reason=unstable_if action=reinterpret pc=0x0000000003109ccc method=java.io.BufferedReader.readLine(Z)Ljava/lang/String; @ 22
Event: 17.833 Thread 0x0000000002e50800 Uncommon trap: reason=unstable_if action=reinterpret pc=0x00000000030e826c method=java.lang.String.<init>([CII)V @ 18

Internal exceptions (7 events):
Event: 0.047 Thread 0x0000000002e50800 Exception <a 'java/lang/NoSuchMethodError': Method sun.misc.Unsafe.defineClass(Ljava/lang/String;[BII)Ljava/lang/Class; name or signature does not match> (0x00000000eaf07ca8) thrown at [C:\re\workspace\8-2-build-windows-amd64-cygwin\jdk8u121\8372\hotspot\
Event: 0.047 Thread 0x0000000002e50800 Exception <a 'java/lang/NoSuchMethodError': Method sun.misc.Unsafe.prefetchRead(Ljava/lang/Object;J)V name or signature does not match> (0x00000000eaf07f90) thrown at [C:\re\workspace\8-2-build-windows-amd64-cygwin\jdk8u121\8372\hotspot\src\share\vm\prims
Event: 0.115 Thread 0x0000000002e50800 Exception <a 'java/io/FileNotFoundException'> (0x00000000eaf5b6b0) thrown at [C:\re\workspace\8-2-build-windows-amd64-cygwin\jdk8u121\8372\hotspot\src\share\vm\prims\jni.cpp, line 709]
Event: 17.731 Thread 0x0000000002e50800 Exception <a 'java/security/PrivilegedActionException'> (0x00000000eb50e808) thrown at [C:\re\workspace\8-2-build-windows-amd64-cygwin\jdk8u121\8372\hotspot\src\share\vm\prims\jvm.cpp, line 1390]
Event: 17.731 Thread 0x0000000002e50800 Exception <a 'java/security/PrivilegedActionException'> (0x00000000eb50ec00) thrown at [C:\re\workspace\8-2-build-windows-amd64-cygwin\jdk8u121\8372\hotspot\src\share\vm\prims\jvm.cpp, line 1390]
Event: 17.732 Thread 0x0000000002e50800 Exception <a 'java/security/PrivilegedActionException'> (0x00000000eb512c40) thrown at [C:\re\workspace\8-2-build-windows-amd64-cygwin\jdk8u121\8372\hotspot\src\share\vm\prims\jvm.cpp, line 1390]
Event: 17.732 Thread 0x0000000002e50800 Exception <a 'java/security/PrivilegedActionException'> (0x00000000eb513038) thrown at [C:\re\workspace\8-2-build-windows-amd64-cygwin\jdk8u121\8372\hotspot\src\share\vm\prims\jvm.cpp, line 1390]

Events (10 events):
Event: 17.829 loading class entities/Camera done
Event: 17.830 loading class renderEngine/MasterRenderer
Event: 17.830 loading class renderEngine/MasterRenderer done
Event: 17.831 loading class shaders/StaticShader
Event: 17.831 loading class shaders/StaticShader done
Event: 17.832 loading class shaders/ShaderProgram
Event: 17.832 loading class shaders/ShaderProgram done
Event: 17.833 Thread 0x0000000002e50800 Uncommon trap: trap_request=0xffffff65 fr.pc=0x00000000030e826c
Event: 17.833 Thread 0x0000000002e50800 DEOPT PACKING pc=0x00000000030e826c sp=0x0000000002e0ed60
Event: 17.833 Thread 0x0000000002e50800 DEOPT UNPACKING pc=0x0000000002f9582a sp=0x0000000002e0ed28 mode 2


Dynamic libraries:
0x00007ff74f490000 - 0x00007ff74f4c7000 	C:\Program Files\Java\jre1.8.0_121\bin\javaw.exe
0x00007ffc10050000 - 0x00007ffc10221000 	C:\Windows\SYSTEM32\ntdll.dll
0x00007ffc0fc80000 - 0x00007ffc0fd2b000 	C:\Windows\System32\KERNEL32.DLL
0x00007ffc0c710000 - 0x00007ffc0c92d000 	C:\Windows\System32\KERNELBASE.dll
0x00007ffc0f5d0000 - 0x00007ffc0f672000 	C:\Windows\System32\ADVAPI32.dll
0x00007ffc0ffa0000 - 0x00007ffc1003e000 	C:\Windows\System32\msvcrt.dll
0x00007ffc0f6a0000 - 0x00007ffc0f6f9000 	C:\Windows\System32\sechost.dll
0x00007ffc0f720000 - 0x00007ffc0f841000 	C:\Windows\System32\RPCRT4.dll
0x00007ffc0fe30000 - 0x00007ffc0ff95000 	C:\Windows\System32\USER32.dll
0x00007ffc0d360000 - 0x00007ffc0d37e000 	C:\Windows\System32\win32u.dll
0x00007ffc0d970000 - 0x00007ffc0d9a4000 	C:\Windows\System32\GDI32.dll
0x00007ffc0d450000 - 0x00007ffc0d5d2000 	C:\Windows\System32\gdi32full.dll
0x00007ffc011d0000 - 0x00007ffc01449000 	C:\Windows\WinSxS\amd64_microsoft.windows.common-controls_6595b64144ccf1df_6.0.14393.447_none_42191651c6827bb3\COMCTL32.dll
0x00007ffc0d9b0000 - 0x00007ffc0dc78000 	C:\Windows\System32\combase.dll
0x00007ffc0c930000 - 0x00007ffc0ca25000 	C:\Windows\System32\ucrtbase.dll
0x00007ffc0d3e0000 - 0x00007ffc0d44a000 	C:\Windows\System32\bcryptPrimitives.dll
0x00007ffc0f540000 - 0x00007ffc0f56e000 	C:\Windows\System32\IMM32.DLL
0x00000000729c0000 - 0x0000000072a92000 	C:\Program Files\Java\jre1.8.0_121\bin\msvcr100.dll
0x0000000072b80000 - 0x000000007341b000 	C:\Program Files\Java\jre1.8.0_121\bin\server\jvm.dll
0x00007ffc0f710000 - 0x00007ffc0f718000 	C:\Windows\System32\PSAPI.DLL
0x00007ffc07d00000 - 0x00007ffc07d0a000 	C:\Windows\SYSTEM32\VERSION.dll
0x00007ffc0a7b0000 - 0x00007ffc0a7d3000 	C:\Windows\SYSTEM32\WINMM.dll
0x00007ffc02d70000 - 0x00007ffc02d79000 	C:\Windows\SYSTEM32\WSOCK32.dll
0x00007ffc0f390000 - 0x00007ffc0f3fa000 	C:\Windows\System32\WS2_32.dll
0x00007ffc0a750000 - 0x00007ffc0a77b000 	C:\Windows\SYSTEM32\WINMMBASE.dll
0x00007ffc0d310000 - 0x00007ffc0d352000 	C:\Windows\System32\cfgmgr32.dll
0x0000000073df0000 - 0x0000000073dff000 	C:\Program Files\Java\jre1.8.0_121\bin\verify.dll
0x0000000073dc0000 - 0x0000000073de9000 	C:\Program Files\Java\jre1.8.0_121\bin\java.dll
0x0000000073da0000 - 0x0000000073db6000 	C:\Program Files\Java\jre1.8.0_121\bin\zip.dll
0x00007ffc0dc80000 - 0x00007ffc0f189000 	C:\Windows\System32\SHELL32.dll
0x00007ffc0ca30000 - 0x00007ffc0d10a000 	C:\Windows\System32\windows.storage.dll
0x00007ffc0c4d0000 - 0x00007ffc0c51c000 	C:\Windows\System32\powrprof.dll
0x00007ffc0d650000 - 0x00007ffc0d6a2000 	C:\Windows\System32\shlwapi.dll
0x00007ffc0c4c0000 - 0x00007ffc0c4cf000 	C:\Windows\System32\kernel.appcore.dll
0x00007ffc0d1c0000 - 0x00007ffc0d269000 	C:\Windows\System32\shcore.dll
0x00007ffc0c520000 - 0x00007ffc0c534000 	C:\Windows\System32\profapi.dll
0x0000000180000000 - 0x0000000180051000 	C:\Users\Florian-HP\workspace\GameEngine\lib\natives\lwjgl64.dll
0x00007ffbe60c0000 - 0x00007ffbe61e3000 	C:\Windows\SYSTEM32\OPENGL32.dll
0x00007ffbf70b0000 - 0x00007ffbf71a7000 	C:\Windows\SYSTEM32\DDRAW.dll
0x00007ffc002c0000 - 0x00007ffc002ed000 	C:\Windows\SYSTEM32\GLU32.dll
0x00007ffc00ce0000 - 0x00007ffc00ce8000 	C:\Windows\SYSTEM32\DCIMAN32.dll
0x00007ffc0aa50000 - 0x00007ffc0aae5000 	C:\Windows\system32\uxtheme.dll
0x00007ffc0f230000 - 0x00007ffc0f38b000 	C:\Windows\System32\MSCTF.dll
0x00007ffc0d8b0000 - 0x00007ffc0d96f000 	C:\Windows\System32\OLEAUT32.dll
0x00007ffc0d270000 - 0x00007ffc0d30c000 	C:\Windows\System32\msvcp_win.dll
0x00007ffbe1c10000 - 0x00007ffbe1c58000 	C:\Program Files (x86)\TeamViewer\tv_x64.dll
0x00007ffc0f400000 - 0x00007ffc0f537000 	C:\Windows\System32\ole32.dll
0x00007ffc0a230000 - 0x00007ffc0a256000 	C:\Windows\system32\dwmapi.dll
0x00007ffc002a0000 - 0x00007ffc002b8000 	C:\Windows\SYSTEM32\atig6pxx.dll
0x00007ffbdc400000 - 0x00007ffbdc541000 	C:\Windows\SYSTEM32\atiadlxx.dll
0x00007ffc0f850000 - 0x00007ffc0fc79000 	C:\Windows\System32\SETUPAPI.dll
0x00007ffc0a0a0000 - 0x00007ffc0a225000 	C:\Windows\SYSTEM32\PROPSYS.dll
0x00007ffc0bc60000 - 0x00007ffc0bc7f000 	C:\Windows\SYSTEM32\USERENV.dll
0x00007ffc0a010000 - 0x00007ffc0a023000 	C:\Windows\SYSTEM32\WTSAPI32.dll
0x00007ffc0bb70000 - 0x00007ffc0bba8000 	C:\Windows\SYSTEM32\IPHLPAPI.DLL
0x00007ffc0af70000 - 0x00007ffc0af98000 	C:\Windows\SYSTEM32\DEVOBJ.dll
0x00007ffc0d380000 - 0x00007ffc0d3d5000 	C:\Windows\System32\WINTRUST.dll
0x00007ffc0c4b0000 - 0x00007ffc0c4c0000 	C:\Windows\System32\MSASN1.dll
0x00007ffc0c540000 - 0x00007ffc0c709000 	C:\Windows\System32\CRYPT32.dll
0x0000000070bc0000 - 0x00000000729c0000 	C:\Windows\SYSTEM32\atio6axx.dll
0x00007ffc09b10000 - 0x00007ffc09b3c000 	C:\Windows\SYSTEM32\atig6txx.dll
0x00007ffbdf420000 - 0x00007ffbdf4b1000 	C:\Windows\SYSTEM32\mscms.dll
0x00007ffc04f90000 - 0x00007ffc04fd2000 	C:\Windows\SYSTEM32\icm32.dll
0x0000000073b10000 - 0x0000000073ca8000 	C:\Program Files\Java\jre1.8.0_121\bin\awt.dll
0x00007ffc0a9b0000 - 0x00007ffc0aa2a000 	C:\Windows\SYSTEM32\apphelp.dll
0x00007ffbfb900000 - 0x00007ffbfba92000 	C:\Windows\SYSTEM32\dbghelp.dll

VM Arguments:
jvm_args: -Djava.library.path=C:\Users\Florian-HP\workspace\GameEngine\lib\natives;C:\Users\Florian-HP\workspace\GameEngine\lib\natives -Dfile.encoding=Cp1252 
java_command: engineTester.MainGameLoop
java_class_path (initial): C:\Users\Florian-HP\workspace\GameEngine\bin;C:\Users\Florian-HP\workspace\GameEngine\lib\jars\lwjgl_util.jar;C:\Users\Florian-HP\workspace\GameEngine\lib\jars\lwjgl.jar;C:\Users\Florian-HP\workspace\GameEngine\lib\jars\slick-util.jar
Launcher Type: SUN_STANDARD

Environment Variables:
PATH=C:/Program Files/Java/jre1.8.0_121/bin/server;C:/Program Files/Java/jre1.8.0_121/bin;C:/Program Files/Java/jre1.8.0_121/lib/amd64;C:\ProgramData\Oracle\Java\javapath;C:\Windows\system32;C:\Windows;C:\Windows\System32\Wbem;C:\Windows\System32\WindowsPowerShell\v1.0\;C:\Program Files (x86)\ATI Technologies\ATI.ACE\Core-Static;C:\Windows\system32\config\systemprofile\.dnx\bin;C:\Program Files\Microsoft DNX\Dnvm\;C:\Program Files (x86)\Windows Kits\8.1\Windows Performance Toolkit\;C:\Program Files\Microsoft SQL Server\120\Tools\Binn\;C:\Program Files\TortoiseSVN\bin;C:\Program Files\MATLAB\R2016a\runtime\win64;C:\Program Files\MATLAB\R2016a\bin;C:\Program Files\MATLAB\R2016a\polyspace\bin;C:\Users\Florian-HP\AppData\Local\Microsoft\WindowsApps;C:\altera\16.0\modelsim_ase\win32aloem;C:\texlive\2016\bin\win32;C:\Program Files\Java\jdk1.8.0_121\bin;C:\Program Files\Java\jre1.8.0_121\bin;C:\Windows\system32;
USERNAME=Florian-HP
OS=Windows_NT
PROCESSOR_IDENTIFIER=Intel64 Family 6 Model 42 Stepping 7, GenuineIntel



---------------  S Y S T E M  ---------------

OS: Windows 10.0 , 64 bit Build 14393 (10.0.14393.0)

CPU:total 8 (4 cores per cpu, 2 threads per core) family 6 model 42 stepping 7, cmov, cx8, fxsr, mmx, sse, sse2, sse3, ssse3, sse4.1, sse4.2, popcnt, avx, aes, clmul, ht, tsc, tscinvbit

Memory: 4k page, physical 4140908k(1729344k free), swap 4861804k(2103608k free)

vm_info: Java HotSpot(TM) 64-Bit Server VM (25.121-b13) for windows-amd64 JRE (1.8.0_121-b13), built on Dec 12 2016 18:21:36 by "java_re" with MS VC++ 10.0 (VS2010)

time: Wed Mar 08 23:16:52 2017
elapsed time: 17 seconds (0d 0h 0m 17s)

